[11:34:34:979] [INFO] - org.springframework.boot.StartupInfoLogger.logStarting(StartupInfoLogger.java:50) - Starting MybatisDemoApplication on PC-20181009FONY with PID 6256 (C:\Users\Administrator\IdeaProjects\Mybatis-demo\target\classes started by Administrator in C:\Users\Administrator\IdeaProjects\Mybatis-demo)
[11:34:34:979] [INFO] - org.springframework.boot.SpringApplication.logStartupProfileInfo(SpringApplication.java:675) - No active profile set, falling back to default profiles: default
[11:34:35:510] [INFO] - org.springframework.data.repository.config.RepositoryConfigurationDelegate.registerRepositoriesIn(RepositoryConfigurationDelegate.java:126) - Bootstrapping Spring Data repositories in DEFAULT mode.
[11:34:35:525] [INFO] - org.springframework.data.repository.config.RepositoryConfigurationDelegate.registerRepositoriesIn(RepositoryConfigurationDelegate.java:182) - Finished Spring Data repository scanning in 15ms. Found 0 repository interfaces.
[11:34:35:744] [INFO] - org.springframework.context.support.PostProcessorRegistrationDelegate$BeanPostProcessorChecker.postProcessAfterInitialization(PostProcessorRegistrationDelegate.java:330) - Bean 'org.springframework.transaction.annotation.ProxyTransactionManagementConfiguration' of type [org.springframework.transaction.annotation.ProxyTransactionManagementConfiguration$$EnhancerBySpringCGLIB$$b0d956d5] is not eligible for getting processed by all BeanPostProcessors (for example: not eligible for auto-proxying)
[11:34:35:993] [INFO] - org.springframework.boot.web.embedded.tomcat.TomcatWebServer.initialize(TomcatWebServer.java:90) - Tomcat initialized with port(s): 8080 (http)
[11:34:36:009] [INFO] - org.apache.juli.logging.DirectJDKLog.log(DirectJDKLog.java:173) - Initializing ProtocolHandler ["http-nio-8080"]
[11:34:36:024] [INFO] - org.apache.juli.logging.DirectJDKLog.log(DirectJDKLog.java:173) - Starting service [Tomcat]
[11:34:36:024] [INFO] - org.apache.juli.logging.DirectJDKLog.log(DirectJDKLog.java:173) - Starting Servlet Engine: Apache Tomcat/9.0.13
[11:34:36:024] [INFO] - org.apache.juli.logging.DirectJDKLog.log(DirectJDKLog.java:173) - The APR based Apache Tomcat Native library which allows optimal performance in production environments was not found on the java.library.path: [C:\Program Files\Java\jdk-10.0.2\bin;C:\Windows\Sun\Java\bin;C:\Windows\system32;C:\Windows;C:\Program Files (x86)\Common Files\Oracle\Java\javapath;C:\Windows\system32;C:\Windows;C:\Windows\System32\Wbem;C:\Windows\System32\WindowsPowerShell\v1.0\;C:\Program Files\Java\jdk-10.0.2\bin;C:\Program Files\Java\jre-10.0.2\bin;C:\Program Files\nodejs;G:\Maven\apache-maven-3.6.0\bin;C:\Program Files\Git\cmd;C:\Program Files\TortoiseGit\bin;D:\wamp64\bin\mysql\mysql5.7.23\bin;C:\Users\Administrator\AppData\Roaming\npm;.]
[11:34:36:151] [INFO] - org.apache.juli.logging.DirectJDKLog.log(DirectJDKLog.java:173) - Initializing Spring embedded WebApplicationContext
[11:34:36:151] [INFO] - org.springframework.boot.web.servlet.context.ServletWebServerApplicationContext.prepareWebApplicationContext(ServletWebServerApplicationContext.java:296) - Root WebApplicationContext: initialization completed in 1094 ms
[11:34:36:276] [INFO] - com.zaxxer.hikari.HikariDataSource.getConnection(HikariDataSource.java:110) - HikariPool-1 - Starting...
[11:34:36:370] [INFO] - com.zaxxer.hikari.HikariDataSource.getConnection(HikariDataSource.java:123) - HikariPool-1 - Start completed.
[11:34:36:432] [INFO] - org.hibernate.Version.logVersion(Version.java:46) - HHH000412: Hibernate Core {5.3.7.Final}
[11:34:36:448] [INFO] - org.hibernate.cfg.Environment.<clinit>(Environment.java:213) - HHH000206: hibernate.properties not found
[11:34:36:541] [INFO] - org.hibernate.annotations.common.reflection.java.JavaReflectionManager.<clinit>(JavaReflectionManager.java:49) - HCANN000001: Hibernate Commons Annotations {5.0.4.Final}
[11:34:36:682] [INFO] - org.hibernate.dialect.Dialect.<init>(Dialect.java:157) - HHH000400: Using dialect: org.hibernate.dialect.MySQL5Dialect
[11:34:36:806] [INFO] - org.springframework.orm.jpa.AbstractEntityManagerFactoryBean.buildNativeEntityManagerFactory(AbstractEntityManagerFactoryBean.java:415) - Initialized JPA EntityManagerFactory for persistence unit 'default'
[11:34:37:009] [INFO] - org.springframework.scheduling.concurrent.ExecutorConfigurationSupport.initialize(ExecutorConfigurationSupport.java:171) - Initializing ExecutorService 'applicationTaskExecutor'
[11:34:37:181] [INFO] - org.apache.juli.logging.DirectJDKLog.log(DirectJDKLog.java:173) - Starting ProtocolHandler ["http-nio-8080"]
[11:34:37:196] [INFO] - org.apache.juli.logging.DirectJDKLog.log(DirectJDKLog.java:173) - Using a shared selector for servlet write/read
[11:34:37:212] [INFO] - org.springframework.boot.web.embedded.tomcat.TomcatWebServer.start(TomcatWebServer.java:204) - Tomcat started on port(s): 8080 (http) with context path ''
[11:34:37:212] [INFO] - org.springframework.boot.StartupInfoLogger.logStarted(StartupInfoLogger.java:59) - Started MybatisDemoApplication in 3.091 seconds (JVM running for 4.1)
[11:34:51:203] [INFO] - org.apache.juli.logging.DirectJDKLog.log(DirectJDKLog.java:173) - Initializing Spring DispatcherServlet 'dispatcherServlet'
[11:34:51:204] [INFO] - org.springframework.web.servlet.FrameworkServlet.initServletBean(FrameworkServlet.java:524) - Initializing Servlet 'dispatcherServlet'
[11:34:51:212] [INFO] - org.springframework.web.servlet.FrameworkServlet.initServletBean(FrameworkServlet.java:546) - Completed initialization in 8 ms
[11:34:51:270] [INFO] - com.dhee.mybatisdemo.HelloController.hello(HelloController.java:34) - 这是一条info消息日志
[11:36:08:469] [INFO] - org.springframework.boot.StartupInfoLogger.logStarting(StartupInfoLogger.java:50) - Starting MybatisDemoApplication on PC-20181009FONY with PID 5424 (C:\Users\Administrator\IdeaProjects\Mybatis-demo\target\classes started by Administrator in C:\Users\Administrator\IdeaProjects\Mybatis-demo)
[11:36:08:484] [INFO] - org.springframework.boot.SpringApplication.logStartupProfileInfo(SpringApplication.java:675) - No active profile set, falling back to default profiles: default
[11:36:08:983] [INFO] - org.springframework.data.repository.config.RepositoryConfigurationDelegate.registerRepositoriesIn(RepositoryConfigurationDelegate.java:126) - Bootstrapping Spring Data repositories in DEFAULT mode.
[11:36:08:999] [INFO] - org.springframework.data.repository.config.RepositoryConfigurationDelegate.registerRepositoriesIn(RepositoryConfigurationDelegate.java:182) - Finished Spring Data repository scanning in 0ms. Found 0 repository interfaces.
[11:36:09:249] [INFO] - org.springframework.context.support.PostProcessorRegistrationDelegate$BeanPostProcessorChecker.postProcessAfterInitialization(PostProcessorRegistrationDelegate.java:330) - Bean 'org.springframework.transaction.annotation.ProxyTransactionManagementConfiguration' of type [org.springframework.transaction.annotation.ProxyTransactionManagementConfiguration$$EnhancerBySpringCGLIB$$42fe700] is not eligible for getting processed by all BeanPostProcessors (for example: not eligible for auto-proxying)
[11:36:09:468] [INFO] - org.springframework.boot.web.embedded.tomcat.TomcatWebServer.initialize(TomcatWebServer.java:90) - Tomcat initialized with port(s): 8080 (http)
[11:36:09:484] [INFO] - org.apache.juli.logging.DirectJDKLog.log(DirectJDKLog.java:173) - Initializing ProtocolHandler ["http-nio-8080"]
[11:36:09:499] [INFO] - org.apache.juli.logging.DirectJDKLog.log(DirectJDKLog.java:173) - Starting service [Tomcat]
[11:36:09:499] [INFO] - org.apache.juli.logging.DirectJDKLog.log(DirectJDKLog.java:173) - Starting Servlet Engine: Apache Tomcat/9.0.13
[11:36:09:499] [INFO] - org.apache.juli.logging.DirectJDKLog.log(DirectJDKLog.java:173) - The APR based Apache Tomcat Native library which allows optimal performance in production environments was not found on the java.library.path: [C:\Program Files\Java\jdk-10.0.2\bin;C:\Windows\Sun\Java\bin;C:\Windows\system32;C:\Windows;C:\Program Files (x86)\Common Files\Oracle\Java\javapath;C:\Windows\system32;C:\Windows;C:\Windows\System32\Wbem;C:\Windows\System32\WindowsPowerShell\v1.0\;C:\Program Files\Java\jdk-10.0.2\bin;C:\Program Files\Java\jre-10.0.2\bin;C:\Program Files\nodejs;G:\Maven\apache-maven-3.6.0\bin;C:\Program Files\Git\cmd;C:\Program Files\TortoiseGit\bin;D:\wamp64\bin\mysql\mysql5.7.23\bin;C:\Users\Administrator\AppData\Roaming\npm;.]
[11:36:09:593] [INFO] - org.apache.juli.logging.DirectJDKLog.log(DirectJDKLog.java:173) - Initializing Spring embedded WebApplicationContext
[11:36:09:593] [INFO] - org.springframework.boot.web.servlet.context.ServletWebServerApplicationContext.prepareWebApplicationContext(ServletWebServerApplicationContext.java:296) - Root WebApplicationContext: initialization completed in 1062 ms
[11:36:09:702] [INFO] - com.zaxxer.hikari.HikariDataSource.getConnection(HikariDataSource.java:110) - HikariPool-1 - Starting...
[11:36:09:811] [INFO] - com.zaxxer.hikari.HikariDataSource.getConnection(HikariDataSource.java:123) - HikariPool-1 - Start completed.
[11:36:09:874] [INFO] - org.hibernate.Version.logVersion(Version.java:46) - HHH000412: Hibernate Core {5.3.7.Final}
[11:36:09:874] [INFO] - org.hibernate.cfg.Environment.<clinit>(Environment.java:213) - HHH000206: hibernate.properties not found
[11:36:09:967] [INFO] - org.hibernate.annotations.common.reflection.java.JavaReflectionManager.<clinit>(JavaReflectionManager.java:49) - HCANN000001: Hibernate Commons Annotations {5.0.4.Final}
[11:36:10:076] [INFO] - org.hibernate.dialect.Dialect.<init>(Dialect.java:157) - HHH000400: Using dialect: org.hibernate.dialect.MySQL5Dialect
[11:36:10:217] [INFO] - org.springframework.orm.jpa.AbstractEntityManagerFactoryBean.buildNativeEntityManagerFactory(AbstractEntityManagerFactoryBean.java:415) - Initialized JPA EntityManagerFactory for persistence unit 'default'
[11:36:10:435] [INFO] - org.springframework.scheduling.concurrent.ExecutorConfigurationSupport.initialize(ExecutorConfigurationSupport.java:171) - Initializing ExecutorService 'applicationTaskExecutor'
[11:36:10:591] [INFO] - org.apache.juli.logging.DirectJDKLog.log(DirectJDKLog.java:173) - Starting ProtocolHandler ["http-nio-8080"]
[11:36:10:607] [INFO] - org.apache.juli.logging.DirectJDKLog.log(DirectJDKLog.java:173) - Using a shared selector for servlet write/read
[11:36:10:622] [INFO] - org.springframework.boot.web.embedded.tomcat.TomcatWebServer.start(TomcatWebServer.java:204) - Tomcat started on port(s): 8080 (http) with context path ''
[11:36:10:622] [INFO] - org.springframework.boot.StartupInfoLogger.logStarted(StartupInfoLogger.java:59) - Started MybatisDemoApplication in 3.074 seconds (JVM running for 4.122)
[11:36:20:424] [INFO] - org.apache.juli.logging.DirectJDKLog.log(DirectJDKLog.java:173) - Initializing Spring DispatcherServlet 'dispatcherServlet'
[11:36:20:424] [INFO] - org.springframework.web.servlet.FrameworkServlet.initServletBean(FrameworkServlet.java:524) - Initializing Servlet 'dispatcherServlet'
[11:36:20:430] [INFO] - org.springframework.web.servlet.FrameworkServlet.initServletBean(FrameworkServlet.java:546) - Completed initialization in 6 ms
[11:36:20:487] [INFO] - com.dhee.mybatisdemo.HelloController.hello(HelloController.java:34) - 这是一条info消息日志
[11:38:00:434] [INFO] - org.springframework.boot.StartupInfoLogger.logStarting(StartupInfoLogger.java:50) - Starting MybatisDemoApplication on PC-20181009FONY with PID 3248 (C:\Users\Administrator\IdeaProjects\Mybatis-demo\target\classes started by Administrator in C:\Users\Administrator\IdeaProjects\Mybatis-demo)
[11:38:00:449] [INFO] - org.springframework.boot.SpringApplication.logStartupProfileInfo(SpringApplication.java:675) - No active profile set, falling back to default profiles: default
[11:38:00:980] [INFO] - org.springframework.data.repository.config.RepositoryConfigurationDelegate.registerRepositoriesIn(RepositoryConfigurationDelegate.java:126) - Bootstrapping Spring Data repositories in DEFAULT mode.
[11:38:00:995] [INFO] - org.springframework.data.repository.config.RepositoryConfigurationDelegate.registerRepositoriesIn(RepositoryConfigurationDelegate.java:182) - Finished Spring Data repository scanning in 15ms. Found 0 repository interfaces.
[11:38:01:223] [INFO] - org.springframework.context.support.PostProcessorRegistrationDelegate$BeanPostProcessorChecker.postProcessAfterInitialization(PostProcessorRegistrationDelegate.java:330) - Bean 'org.springframework.transaction.annotation.ProxyTransactionManagementConfiguration' of type [org.springframework.transaction.annotation.ProxyTransactionManagementConfiguration$$EnhancerBySpringCGLIB$$c854bc99] is not eligible for getting processed by all BeanPostProcessors (for example: not eligible for auto-proxying)
[11:38:01:472] [INFO] - org.springframework.boot.web.embedded.tomcat.TomcatWebServer.initialize(TomcatWebServer.java:90) - Tomcat initialized with port(s): 8080 (http)
[11:38:01:488] [INFO] - org.apache.juli.logging.DirectJDKLog.log(DirectJDKLog.java:173) - Initializing ProtocolHandler ["http-nio-8080"]
[11:38:01:503] [INFO] - org.apache.juli.logging.DirectJDKLog.log(DirectJDKLog.java:173) - Starting service [Tomcat]
[11:38:01:503] [INFO] - org.apache.juli.logging.DirectJDKLog.log(DirectJDKLog.java:173) - Starting Servlet Engine: Apache Tomcat/9.0.13
[11:38:01:503] [INFO] - org.apache.juli.logging.DirectJDKLog.log(DirectJDKLog.java:173) - The APR based Apache Tomcat Native library which allows optimal performance in production environments was not found on the java.library.path: [C:\Program Files\Java\jdk-10.0.2\bin;C:\Windows\Sun\Java\bin;C:\Windows\system32;C:\Windows;C:\Program Files (x86)\Common Files\Oracle\Java\javapath;C:\Windows\system32;C:\Windows;C:\Windows\System32\Wbem;C:\Windows\System32\WindowsPowerShell\v1.0\;C:\Program Files\Java\jdk-10.0.2\bin;C:\Program Files\Java\jre-10.0.2\bin;C:\Program Files\nodejs;G:\Maven\apache-maven-3.6.0\bin;C:\Program Files\Git\cmd;C:\Program Files\TortoiseGit\bin;D:\wamp64\bin\mysql\mysql5.7.23\bin;C:\Users\Administrator\AppData\Roaming\npm;.]
[11:38:01:581] [INFO] - org.apache.juli.logging.DirectJDKLog.log(DirectJDKLog.java:173) - Initializing Spring embedded WebApplicationContext
[11:38:01:581] [INFO] - org.springframework.boot.web.servlet.context.ServletWebServerApplicationContext.prepareWebApplicationContext(ServletWebServerApplicationContext.java:296) - Root WebApplicationContext: initialization completed in 1085 ms
[11:38:01:706] [INFO] - com.zaxxer.hikari.HikariDataSource.getConnection(HikariDataSource.java:110) - HikariPool-1 - Starting...
[11:38:01:878] [INFO] - com.zaxxer.hikari.HikariDataSource.getConnection(HikariDataSource.java:123) - HikariPool-1 - Start completed.
[11:38:01:956] [INFO] - org.hibernate.Version.logVersion(Version.java:46) - HHH000412: Hibernate Core {5.3.7.Final}
[11:38:01:956] [INFO] - org.hibernate.cfg.Environment.<clinit>(Environment.java:213) - HHH000206: hibernate.properties not found
[11:38:02:034] [INFO] - org.hibernate.annotations.common.reflection.java.JavaReflectionManager.<clinit>(JavaReflectionManager.java:49) - HCANN000001: Hibernate Commons Annotations {5.0.4.Final}
[11:38:02:159] [INFO] - org.hibernate.dialect.Dialect.<init>(Dialect.java:157) - HHH000400: Using dialect: org.hibernate.dialect.MySQL5Dialect
[11:38:02:299] [INFO] - org.springframework.orm.jpa.AbstractEntityManagerFactoryBean.buildNativeEntityManagerFactory(AbstractEntityManagerFactoryBean.java:415) - Initialized JPA EntityManagerFactory for persistence unit 'default'
[11:38:02:518] [INFO] - org.springframework.scheduling.concurrent.ExecutorConfigurationSupport.initialize(ExecutorConfigurationSupport.java:171) - Initializing ExecutorService 'applicationTaskExecutor'
[11:38:02:690] [INFO] - org.apache.juli.logging.DirectJDKLog.log(DirectJDKLog.java:173) - Starting ProtocolHandler ["http-nio-8080"]
[11:38:02:706] [INFO] - org.apache.juli.logging.DirectJDKLog.log(DirectJDKLog.java:173) - Using a shared selector for servlet write/read
[11:38:02:721] [INFO] - org.springframework.boot.web.embedded.tomcat.TomcatWebServer.start(TomcatWebServer.java:204) - Tomcat started on port(s): 8080 (http) with context path ''
[11:38:02:721] [INFO] - org.springframework.boot.StartupInfoLogger.logStarted(StartupInfoLogger.java:59) - Started MybatisDemoApplication in 3.091 seconds (JVM running for 4.195)
[11:38:24:914] [INFO] - org.apache.juli.logging.DirectJDKLog.log(DirectJDKLog.java:173) - Initializing Spring DispatcherServlet 'dispatcherServlet'
[11:38:24:914] [INFO] - org.springframework.web.servlet.FrameworkServlet.initServletBean(FrameworkServlet.java:524) - Initializing Servlet 'dispatcherServlet'
[11:38:24:920] [INFO] - org.springframework.web.servlet.FrameworkServlet.initServletBean(FrameworkServlet.java:546) - Completed initialization in 6 ms
[11:38:24:978] [INFO] - com.dhee.mybatisdemo.HelloController.hello(HelloController.java:34) - 这是一条info消息日志
[11:39:16:602] [INFO] - org.springframework.boot.StartupInfoLogger.logStarting(StartupInfoLogger.java:50) - Starting MybatisDemoApplication on PC-20181009FONY with PID 6420 (C:\Users\Administrator\IdeaProjects\Mybatis-demo\target\classes started by Administrator in C:\Users\Administrator\IdeaProjects\Mybatis-demo)
[11:39:16:618] [INFO] - org.springframework.boot.SpringApplication.logStartupProfileInfo(SpringApplication.java:675) - No active profile set, falling back to default profiles: default
[11:39:17:148] [INFO] - org.springframework.data.repository.config.RepositoryConfigurationDelegate.registerRepositoriesIn(RepositoryConfigurationDelegate.java:126) - Bootstrapping Spring Data repositories in DEFAULT mode.
[11:39:17:164] [INFO] - org.springframework.data.repository.config.RepositoryConfigurationDelegate.registerRepositoriesIn(RepositoryConfigurationDelegate.java:182) - Finished Spring Data repository scanning in 0ms. Found 0 repository interfaces.
[11:39:17:414] [INFO] - org.springframework.context.support.PostProcessorRegistrationDelegate$BeanPostProcessorChecker.postProcessAfterInitialization(PostProcessorRegistrationDelegate.java:330) - Bean 'org.springframework.transaction.annotation.ProxyTransactionManagementConfiguration' of type [org.springframework.transaction.annotation.ProxyTransactionManagementConfiguration$$EnhancerBySpringCGLIB$$eb1acf86] is not eligible for getting processed by all BeanPostProcessors (for example: not eligible for auto-proxying)
[11:39:17:664] [INFO] - org.springframework.boot.web.embedded.tomcat.TomcatWebServer.initialize(TomcatWebServer.java:90) - Tomcat initialized with port(s): 8080 (http)
[11:39:17:664] [INFO] - org.apache.juli.logging.DirectJDKLog.log(DirectJDKLog.java:173) - Initializing ProtocolHandler ["http-nio-8080"]
[11:39:17:679] [INFO] - org.apache.juli.logging.DirectJDKLog.log(DirectJDKLog.java:173) - Starting service [Tomcat]
[11:39:17:679] [INFO] - org.apache.juli.logging.DirectJDKLog.log(DirectJDKLog.java:173) - Starting Servlet Engine: Apache Tomcat/9.0.13
[11:39:17:679] [INFO] - org.apache.juli.logging.DirectJDKLog.log(DirectJDKLog.java:173) - The APR based Apache Tomcat Native library which allows optimal performance in production environments was not found on the java.library.path: [C:\Program Files\Java\jdk-10.0.2\bin;C:\Windows\Sun\Java\bin;C:\Windows\system32;C:\Windows;C:\Program Files (x86)\Common Files\Oracle\Java\javapath;C:\Windows\system32;C:\Windows;C:\Windows\System32\Wbem;C:\Windows\System32\WindowsPowerShell\v1.0\;C:\Program Files\Java\jdk-10.0.2\bin;C:\Program Files\Java\jre-10.0.2\bin;C:\Program Files\nodejs;G:\Maven\apache-maven-3.6.0\bin;C:\Program Files\Git\cmd;C:\Program Files\TortoiseGit\bin;D:\wamp64\bin\mysql\mysql5.7.23\bin;C:\Users\Administrator\AppData\Roaming\npm;.]
[11:39:17:789] [INFO] - org.apache.juli.logging.DirectJDKLog.log(DirectJDKLog.java:173) - Initializing Spring embedded WebApplicationContext
[11:39:17:789] [INFO] - org.springframework.boot.web.servlet.context.ServletWebServerApplicationContext.prepareWebApplicationContext(ServletWebServerApplicationContext.java:296) - Root WebApplicationContext: initialization completed in 1109 ms
[11:39:17:945] [INFO] - com.zaxxer.hikari.HikariDataSource.getConnection(HikariDataSource.java:110) - HikariPool-1 - Starting...
[11:39:18:054] [INFO] - com.zaxxer.hikari.HikariDataSource.getConnection(HikariDataSource.java:123) - HikariPool-1 - Start completed.
[11:39:18:132] [INFO] - org.hibernate.Version.logVersion(Version.java:46) - HHH000412: Hibernate Core {5.3.7.Final}
[11:39:18:132] [INFO] - org.hibernate.cfg.Environment.<clinit>(Environment.java:213) - HHH000206: hibernate.properties not found
[11:39:18:210] [INFO] - org.hibernate.annotations.common.reflection.java.JavaReflectionManager.<clinit>(JavaReflectionManager.java:49) - HCANN000001: Hibernate Commons Annotations {5.0.4.Final}
[11:39:18:335] [INFO] - org.hibernate.dialect.Dialect.<init>(Dialect.java:157) - HHH000400: Using dialect: org.hibernate.dialect.MySQL5Dialect
[11:39:18:522] [INFO] - org.springframework.orm.jpa.AbstractEntityManagerFactoryBean.buildNativeEntityManagerFactory(AbstractEntityManagerFactoryBean.java:415) - Initialized JPA EntityManagerFactory for persistence unit 'default'
[11:39:18:756] [INFO] - org.springframework.scheduling.concurrent.ExecutorConfigurationSupport.initialize(ExecutorConfigurationSupport.java:171) - Initializing ExecutorService 'applicationTaskExecutor'
[11:39:18:927] [INFO] - org.apache.juli.logging.DirectJDKLog.log(DirectJDKLog.java:173) - Starting ProtocolHandler ["http-nio-8080"]
[11:39:18:927] [INFO] - org.apache.juli.logging.DirectJDKLog.log(DirectJDKLog.java:173) - Using a shared selector for servlet write/read
[11:39:18:943] [INFO] - org.springframework.boot.web.embedded.tomcat.TomcatWebServer.start(TomcatWebServer.java:204) - Tomcat started on port(s): 8080 (http) with context path ''
[11:39:18:943] [INFO] - org.springframework.boot.StartupInfoLogger.logStarted(StartupInfoLogger.java:59) - Started MybatisDemoApplication in 3.201 seconds (JVM running for 4.206)
[11:39:24:833] [INFO] - org.apache.juli.logging.DirectJDKLog.log(DirectJDKLog.java:173) - Initializing Spring DispatcherServlet 'dispatcherServlet'
[11:39:24:833] [INFO] - org.springframework.web.servlet.FrameworkServlet.initServletBean(FrameworkServlet.java:524) - Initializing Servlet 'dispatcherServlet'
[11:39:24:841] [INFO] - org.springframework.web.servlet.FrameworkServlet.initServletBean(FrameworkServlet.java:546) - Completed initialization in 7 ms
[11:39:24:902] [INFO] - com.dhee.mybatisdemo.HelloController.hello(HelloController.java:34) - 这是一条info消息日志
[11:40:18:268] [INFO] - org.springframework.boot.StartupInfoLogger.logStarting(StartupInfoLogger.java:50) - Starting MybatisDemoApplication on PC-20181009FONY with PID 2144 (C:\Users\Administrator\IdeaProjects\Mybatis-demo\target\classes started by Administrator in C:\Users\Administrator\IdeaProjects\Mybatis-demo)
[11:40:18:268] [INFO] - org.springframework.boot.SpringApplication.logStartupProfileInfo(SpringApplication.java:675) - No active profile set, falling back to default profiles: default
[11:40:18:907] [INFO] - org.springframework.data.repository.config.RepositoryConfigurationDelegate.registerRepositoriesIn(RepositoryConfigurationDelegate.java:126) - Bootstrapping Spring Data repositories in DEFAULT mode.
[11:40:18:923] [INFO] - org.springframework.data.repository.config.RepositoryConfigurationDelegate.registerRepositoriesIn(RepositoryConfigurationDelegate.java:182) - Finished Spring Data repository scanning in 16ms. Found 0 repository interfaces.
[11:40:19:157] [INFO] - org.springframework.context.support.PostProcessorRegistrationDelegate$BeanPostProcessorChecker.postProcessAfterInitialization(PostProcessorRegistrationDelegate.java:330) - Bean 'org.springframework.transaction.annotation.ProxyTransactionManagementConfiguration' of type [org.springframework.transaction.annotation.ProxyTransactionManagementConfiguration$$EnhancerBySpringCGLIB$$bbe2555c] is not eligible for getting processed by all BeanPostProcessors (for example: not eligible for auto-proxying)
[11:40:19:407] [INFO] - org.springframework.boot.web.embedded.tomcat.TomcatWebServer.initialize(TomcatWebServer.java:90) - Tomcat initialized with port(s): 8080 (http)
[11:40:19:422] [INFO] - org.apache.juli.logging.DirectJDKLog.log(DirectJDKLog.java:173) - Initializing ProtocolHandler ["http-nio-8080"]
[11:40:19:422] [INFO] - org.apache.juli.logging.DirectJDKLog.log(DirectJDKLog.java:173) - Starting service [Tomcat]
[11:40:19:438] [INFO] - org.apache.juli.logging.DirectJDKLog.log(DirectJDKLog.java:173) - Starting Servlet Engine: Apache Tomcat/9.0.13
[11:40:19:438] [INFO] - org.apache.juli.logging.DirectJDKLog.log(DirectJDKLog.java:173) - The APR based Apache Tomcat Native library which allows optimal performance in production environments was not found on the java.library.path: [C:\Program Files\Java\jdk-10.0.2\bin;C:\Windows\Sun\Java\bin;C:\Windows\system32;C:\Windows;C:\Program Files (x86)\Common Files\Oracle\Java\javapath;C:\Windows\system32;C:\Windows;C:\Windows\System32\Wbem;C:\Windows\System32\WindowsPowerShell\v1.0\;C:\Program Files\Java\jdk-10.0.2\bin;C:\Program Files\Java\jre-10.0.2\bin;C:\Program Files\nodejs;G:\Maven\apache-maven-3.6.0\bin;C:\Program Files\Git\cmd;C:\Program Files\TortoiseGit\bin;D:\wamp64\bin\mysql\mysql5.7.23\bin;C:\Users\Administrator\AppData\Roaming\npm;.]
[11:40:19:547] [INFO] - org.apache.juli.logging.DirectJDKLog.log(DirectJDKLog.java:173) - Initializing Spring embedded WebApplicationContext
[11:40:19:547] [INFO] - org.springframework.boot.web.servlet.context.ServletWebServerApplicationContext.prepareWebApplicationContext(ServletWebServerApplicationContext.java:296) - Root WebApplicationContext: initialization completed in 1217 ms
[11:40:19:656] [INFO] - com.zaxxer.hikari.HikariDataSource.getConnection(HikariDataSource.java:110) - HikariPool-1 - Starting...
[11:40:19:734] [INFO] - com.zaxxer.hikari.HikariDataSource.getConnection(HikariDataSource.java:123) - HikariPool-1 - Start completed.
[11:40:19:812] [INFO] - org.hibernate.Version.logVersion(Version.java:46) - HHH000412: Hibernate Core {5.3.7.Final}
[11:40:19:828] [INFO] - org.hibernate.cfg.Environment.<clinit>(Environment.java:213) - HHH000206: hibernate.properties not found
[11:40:19:921] [INFO] - org.hibernate.annotations.common.reflection.java.JavaReflectionManager.<clinit>(JavaReflectionManager.java:49) - HCANN000001: Hibernate Commons Annotations {5.0.4.Final}
[11:40:20:046] [INFO] - org.hibernate.dialect.Dialect.<init>(Dialect.java:157) - HHH000400: Using dialect: org.hibernate.dialect.MySQL5Dialect
[11:40:20:187] [INFO] - org.springframework.orm.jpa.AbstractEntityManagerFactoryBean.buildNativeEntityManagerFactory(AbstractEntityManagerFactoryBean.java:415) - Initialized JPA EntityManagerFactory for persistence unit 'default'
[11:40:20:405] [INFO] - org.springframework.scheduling.concurrent.ExecutorConfigurationSupport.initialize(ExecutorConfigurationSupport.java:171) - Initializing ExecutorService 'applicationTaskExecutor'
[11:40:20:592] [INFO] - org.apache.juli.logging.DirectJDKLog.log(DirectJDKLog.java:173) - Starting ProtocolHandler ["http-nio-8080"]
[11:40:20:592] [INFO] - org.apache.juli.logging.DirectJDKLog.log(DirectJDKLog.java:173) - Using a shared selector for servlet write/read
[11:40:20:608] [INFO] - org.springframework.boot.web.embedded.tomcat.TomcatWebServer.start(TomcatWebServer.java:204) - Tomcat started on port(s): 8080 (http) with context path ''
[11:40:20:608] [INFO] - org.springframework.boot.StartupInfoLogger.logStarted(StartupInfoLogger.java:59) - Started MybatisDemoApplication in 3.214 seconds (JVM running for 4.358)
[11:40:34:532] [INFO] - org.apache.juli.logging.DirectJDKLog.log(DirectJDKLog.java:173) - Initializing Spring DispatcherServlet 'dispatcherServlet'
[11:40:34:532] [INFO] - org.springframework.web.servlet.FrameworkServlet.initServletBean(FrameworkServlet.java:524) - Initializing Servlet 'dispatcherServlet'
[11:40:34:538] [INFO] - org.springframework.web.servlet.FrameworkServlet.initServletBean(FrameworkServlet.java:546) - Completed initialization in 6 ms
[11:40:34:595] [INFO] - com.dhee.mybatisdemo.HelloController.hello(HelloController.java:34) - 这是一条info消息日志
[11:41:50:275] [INFO] - org.springframework.boot.StartupInfoLogger.logStarting(StartupInfoLogger.java:50) - Starting MybatisDemoApplication on PC-20181009FONY with PID 4100 (C:\Users\Administrator\IdeaProjects\Mybatis-demo\target\classes started by Administrator in C:\Users\Administrator\IdeaProjects\Mybatis-demo)
[11:41:50:275] [INFO] - org.springframework.boot.SpringApplication.logStartupProfileInfo(SpringApplication.java:675) - No active profile set, falling back to default profiles: default
[11:41:50:759] [INFO] - org.springframework.data.repository.config.RepositoryConfigurationDelegate.registerRepositoriesIn(RepositoryConfigurationDelegate.java:126) - Bootstrapping Spring Data repositories in DEFAULT mode.
[11:41:50:775] [INFO] - org.springframework.data.repository.config.RepositoryConfigurationDelegate.registerRepositoriesIn(RepositoryConfigurationDelegate.java:182) - Finished Spring Data repository scanning in 0ms. Found 0 repository interfaces.
[11:41:51:041] [INFO] - org.springframework.context.support.PostProcessorRegistrationDelegate$BeanPostProcessorChecker.postProcessAfterInitialization(PostProcessorRegistrationDelegate.java:330) - Bean 'org.springframework.transaction.annotation.ProxyTransactionManagementConfiguration' of type [org.springframework.transaction.annotation.ProxyTransactionManagementConfiguration$$EnhancerBySpringCGLIB$$d91896a9] is not eligible for getting processed by all BeanPostProcessors (for example: not eligible for auto-proxying)
[11:41:51:277] [INFO] - org.springframework.boot.web.embedded.tomcat.TomcatWebServer.initialize(TomcatWebServer.java:90) - Tomcat initialized with port(s): 8080 (http)
[11:41:51:292] [INFO] - org.apache.juli.logging.DirectJDKLog.log(DirectJDKLog.java:173) - Initializing ProtocolHandler ["http-nio-8080"]
[11:41:51:292] [INFO] - org.apache.juli.logging.DirectJDKLog.log(DirectJDKLog.java:173) - Starting service [Tomcat]
[11:41:51:292] [INFO] - org.apache.juli.logging.DirectJDKLog.log(DirectJDKLog.java:173) - Starting Servlet Engine: Apache Tomcat/9.0.13
[11:41:51:308] [INFO] - org.apache.juli.logging.DirectJDKLog.log(DirectJDKLog.java:173) - The APR based Apache Tomcat Native library which allows optimal performance in production environments was not found on the java.library.path: [C:\Program Files\Java\jdk-10.0.2\bin;C:\Windows\Sun\Java\bin;C:\Windows\system32;C:\Windows;C:\Program Files (x86)\Common Files\Oracle\Java\javapath;C:\Windows\system32;C:\Windows;C:\Windows\System32\Wbem;C:\Windows\System32\WindowsPowerShell\v1.0\;C:\Program Files\Java\jdk-10.0.2\bin;C:\Program Files\Java\jre-10.0.2\bin;C:\Program Files\nodejs;G:\Maven\apache-maven-3.6.0\bin;C:\Program Files\Git\cmd;C:\Program Files\TortoiseGit\bin;D:\wamp64\bin\mysql\mysql5.7.23\bin;C:\Users\Administrator\AppData\Roaming\npm;.]
[11:41:51:386] [INFO] - org.apache.juli.logging.DirectJDKLog.log(DirectJDKLog.java:173) - Initializing Spring embedded WebApplicationContext
[11:41:51:386] [INFO] - org.springframework.boot.web.servlet.context.ServletWebServerApplicationContext.prepareWebApplicationContext(ServletWebServerApplicationContext.java:296) - Root WebApplicationContext: initialization completed in 1079 ms
[11:41:51:542] [INFO] - com.zaxxer.hikari.HikariDataSource.getConnection(HikariDataSource.java:110) - HikariPool-1 - Starting...
[11:41:51:636] [INFO] - com.zaxxer.hikari.HikariDataSource.getConnection(HikariDataSource.java:123) - HikariPool-1 - Start completed.
[11:41:51:714] [INFO] - org.hibernate.Version.logVersion(Version.java:46) - HHH000412: Hibernate Core {5.3.7.Final}
[11:41:51:714] [INFO] - org.hibernate.cfg.Environment.<clinit>(Environment.java:213) - HHH000206: hibernate.properties not found
[11:41:51:807] [INFO] - org.hibernate.annotations.common.reflection.java.JavaReflectionManager.<clinit>(JavaReflectionManager.java:49) - HCANN000001: Hibernate Commons Annotations {5.0.4.Final}
[11:41:51:932] [INFO] - org.hibernate.dialect.Dialect.<init>(Dialect.java:157) - HHH000400: Using dialect: org.hibernate.dialect.MySQL5Dialect
[11:41:52:072] [INFO] - org.springframework.orm.jpa.AbstractEntityManagerFactoryBean.buildNativeEntityManagerFactory(AbstractEntityManagerFactoryBean.java:415) - Initialized JPA EntityManagerFactory for persistence unit 'default'
[11:41:52:291] [INFO] - org.springframework.scheduling.concurrent.ExecutorConfigurationSupport.initialize(ExecutorConfigurationSupport.java:171) - Initializing ExecutorService 'applicationTaskExecutor'
[11:41:52:462] [INFO] - org.apache.juli.logging.DirectJDKLog.log(DirectJDKLog.java:173) - Starting ProtocolHandler ["http-nio-8080"]
[11:41:52:462] [INFO] - org.apache.juli.logging.DirectJDKLog.log(DirectJDKLog.java:173) - Using a shared selector for servlet write/read
[11:41:52:478] [INFO] - org.springframework.boot.web.embedded.tomcat.TomcatWebServer.start(TomcatWebServer.java:204) - Tomcat started on port(s): 8080 (http) with context path ''
[11:41:52:478] [INFO] - org.springframework.boot.StartupInfoLogger.logStarted(StartupInfoLogger.java:59) - Started MybatisDemoApplication in 3.232 seconds (JVM running for 4.291)
[11:41:58:686] [INFO] - org.apache.juli.logging.DirectJDKLog.log(DirectJDKLog.java:173) - Initializing Spring DispatcherServlet 'dispatcherServlet'
[11:41:58:686] [INFO] - org.springframework.web.servlet.FrameworkServlet.initServletBean(FrameworkServlet.java:524) - Initializing Servlet 'dispatcherServlet'
[11:41:58:693] [INFO] - org.springframework.web.servlet.FrameworkServlet.initServletBean(FrameworkServlet.java:546) - Completed initialization in 7 ms
[11:41:58:755] [INFO] - com.dhee.mybatisdemo.HelloController.hello(HelloController.java:34) - 这是一条info消息日志
[11:42:28:034] [INFO] - org.springframework.boot.StartupInfoLogger.logStarting(StartupInfoLogger.java:50) - Starting MybatisDemoApplication on PC-20181009FONY with PID 4916 (C:\Users\Administrator\IdeaProjects\Mybatis-demo\target\classes started by Administrator in C:\Users\Administrator\IdeaProjects\Mybatis-demo)
[11:42:28:049] [INFO] - org.springframework.boot.SpringApplication.logStartupProfileInfo(SpringApplication.java:675) - No active profile set, falling back to default profiles: default
[11:42:28:626] [INFO] - org.springframework.data.repository.config.RepositoryConfigurationDelegate.registerRepositoriesIn(RepositoryConfigurationDelegate.java:126) - Bootstrapping Spring Data repositories in DEFAULT mode.
[11:42:28:642] [INFO] - org.springframework.data.repository.config.RepositoryConfigurationDelegate.registerRepositoriesIn(RepositoryConfigurationDelegate.java:182) - Finished Spring Data repository scanning in 0ms. Found 0 repository interfaces.
[11:42:28:954] [INFO] - org.springframework.context.support.PostProcessorRegistrationDelegate$BeanPostProcessorChecker.postProcessAfterInitialization(PostProcessorRegistrationDelegate.java:330) - Bean 'org.springframework.transaction.annotation.ProxyTransactionManagementConfiguration' of type [org.springframework.transaction.annotation.ProxyTransactionManagementConfiguration$$EnhancerBySpringCGLIB$$9be46fe8] is not eligible for getting processed by all BeanPostProcessors (for example: not eligible for auto-proxying)
[11:42:29:188] [INFO] - org.springframework.boot.web.embedded.tomcat.TomcatWebServer.initialize(TomcatWebServer.java:90) - Tomcat initialized with port(s): 8080 (http)
[11:42:29:188] [INFO] - org.apache.juli.logging.DirectJDKLog.log(DirectJDKLog.java:173) - Initializing ProtocolHandler ["http-nio-8080"]
[11:42:29:204] [INFO] - org.apache.juli.logging.DirectJDKLog.log(DirectJDKLog.java:173) - Starting service [Tomcat]
[11:42:29:204] [INFO] - org.apache.juli.logging.DirectJDKLog.log(DirectJDKLog.java:173) - Starting Servlet Engine: Apache Tomcat/9.0.13
[11:42:29:204] [INFO] - org.apache.juli.logging.DirectJDKLog.log(DirectJDKLog.java:173) - The APR based Apache Tomcat Native library which allows optimal performance in production environments was not found on the java.library.path: [C:\Program Files\Java\jdk-10.0.2\bin;C:\Windows\Sun\Java\bin;C:\Windows\system32;C:\Windows;C:\Program Files (x86)\Common Files\Oracle\Java\javapath;C:\Windows\system32;C:\Windows;C:\Windows\System32\Wbem;C:\Windows\System32\WindowsPowerShell\v1.0\;C:\Program Files\Java\jdk-10.0.2\bin;C:\Program Files\Java\jre-10.0.2\bin;C:\Program Files\nodejs;G:\Maven\apache-maven-3.6.0\bin;C:\Program Files\Git\cmd;C:\Program Files\TortoiseGit\bin;D:\wamp64\bin\mysql\mysql5.7.23\bin;C:\Users\Administrator\AppData\Roaming\npm;.]
[11:42:29:297] [INFO] - org.apache.juli.logging.DirectJDKLog.log(DirectJDKLog.java:173) - Initializing Spring embedded WebApplicationContext
[11:42:29:297] [INFO] - org.springframework.boot.web.servlet.context.ServletWebServerApplicationContext.prepareWebApplicationContext(ServletWebServerApplicationContext.java:296) - Root WebApplicationContext: initialization completed in 1154 ms
[11:42:29:422] [INFO] - com.zaxxer.hikari.HikariDataSource.getConnection(HikariDataSource.java:110) - HikariPool-1 - Starting...
[11:42:29:531] [INFO] - com.zaxxer.hikari.HikariDataSource.getConnection(HikariDataSource.java:123) - HikariPool-1 - Start completed.
[11:42:29:594] [INFO] - org.hibernate.Version.logVersion(Version.java:46) - HHH000412: Hibernate Core {5.3.7.Final}
[11:42:29:609] [INFO] - org.hibernate.cfg.Environment.<clinit>(Environment.java:213) - HHH000206: hibernate.properties not found
[11:42:29:703] [INFO] - org.hibernate.annotations.common.reflection.java.JavaReflectionManager.<clinit>(JavaReflectionManager.java:49) - HCANN000001: Hibernate Commons Annotations {5.0.4.Final}
[11:42:29:828] [INFO] - org.hibernate.dialect.Dialect.<init>(Dialect.java:157) - HHH000400: Using dialect: org.hibernate.dialect.MySQL5Dialect
[11:42:29:952] [INFO] - org.springframework.orm.jpa.AbstractEntityManagerFactoryBean.buildNativeEntityManagerFactory(AbstractEntityManagerFactoryBean.java:415) - Initialized JPA EntityManagerFactory for persistence unit 'default'
[11:42:30:171] [INFO] - org.springframework.scheduling.concurrent.ExecutorConfigurationSupport.initialize(ExecutorConfigurationSupport.java:171) - Initializing ExecutorService 'applicationTaskExecutor'
[11:42:30:342] [INFO] - org.apache.juli.logging.DirectJDKLog.log(DirectJDKLog.java:173) - Starting ProtocolHandler ["http-nio-8080"]
[11:42:30:342] [INFO] - org.apache.juli.logging.DirectJDKLog.log(DirectJDKLog.java:173) - Using a shared selector for servlet write/read
[11:42:30:358] [INFO] - org.springframework.boot.web.embedded.tomcat.TomcatWebServer.start(TomcatWebServer.java:204) - Tomcat started on port(s): 8080 (http) with context path ''
[11:42:30:358] [INFO] - org.springframework.boot.StartupInfoLogger.logStarted(StartupInfoLogger.java:59) - Started MybatisDemoApplication in 3.151 seconds (JVM running for 4.209)
[11:42:36:549] [INFO] - org.apache.juli.logging.DirectJDKLog.log(DirectJDKLog.java:173) - Initializing Spring DispatcherServlet 'dispatcherServlet'
[11:42:36:549] [INFO] - org.springframework.web.servlet.FrameworkServlet.initServletBean(FrameworkServlet.java:524) - Initializing Servlet 'dispatcherServlet'
[11:42:36:555] [INFO] - org.springframework.web.servlet.FrameworkServlet.initServletBean(FrameworkServlet.java:546) - Completed initialization in 6 ms
[11:42:36:614] [INFO] - com.dhee.mybatisdemo.HelloController.hello(HelloController.java:34) - 这是一条info消息日志
[11:42:58:026] [INFO] - com.dhee.mybatisdemo.HelloController.hello(HelloController.java:34) - 这是一条info消息日志
[16:15:14:458] [INFO] - org.springframework.boot.StartupInfoLogger.logStarting(StartupInfoLogger.java:50) - Starting MybatisDemoApplication on PC-20181009FONY with PID 6860 (C:\Users\Administrator\IdeaProjects\Mybatis-demo\target\classes started by Administrator in C:\Users\Administrator\IdeaProjects\Mybatis-demo)
[16:15:14:485] [INFO] - org.springframework.boot.SpringApplication.logStartupProfileInfo(SpringApplication.java:675) - No active profile set, falling back to default profiles: default
[16:15:14:983] [INFO] - org.springframework.data.repository.config.RepositoryConfigurationDelegate.registerRepositoriesIn(RepositoryConfigurationDelegate.java:126) - Bootstrapping Spring Data repositories in DEFAULT mode.
[16:15:15:004] [INFO] - org.springframework.data.repository.config.RepositoryConfigurationDelegate.registerRepositoriesIn(RepositoryConfigurationDelegate.java:182) - Finished Spring Data repository scanning in 17ms. Found 0 repository interfaces.
[16:15:15:244] [INFO] - org.springframework.context.support.PostProcessorRegistrationDelegate$BeanPostProcessorChecker.postProcessAfterInitialization(PostProcessorRegistrationDelegate.java:330) - Bean 'org.springframework.transaction.annotation.ProxyTransactionManagementConfiguration' of type [org.springframework.transaction.annotation.ProxyTransactionManagementConfiguration$$EnhancerBySpringCGLIB$$3c6ded45] is not eligible for getting processed by all BeanPostProcessors (for example: not eligible for auto-proxying)
[16:15:15:514] [INFO] - org.springframework.boot.web.embedded.tomcat.TomcatWebServer.initialize(TomcatWebServer.java:90) - Tomcat initialized with port(s): 8080 (http)
[16:15:15:525] [INFO] - org.apache.juli.logging.DirectJDKLog.log(DirectJDKLog.java:173) - Initializing ProtocolHandler ["http-nio-8080"]
[16:15:15:537] [INFO] - org.apache.juli.logging.DirectJDKLog.log(DirectJDKLog.java:173) - Starting service [Tomcat]
[16:15:15:539] [INFO] - org.apache.juli.logging.DirectJDKLog.log(DirectJDKLog.java:173) - Starting Servlet Engine: Apache Tomcat/9.0.13
[16:15:15:545] [INFO] - org.apache.juli.logging.DirectJDKLog.log(DirectJDKLog.java:173) - The APR based Apache Tomcat Native library which allows optimal performance in production environments was not found on the java.library.path: [C:\Program Files\Java\jdk-10.0.2\bin;C:\Windows\Sun\Java\bin;C:\Windows\system32;C:\Windows;C:\Program Files (x86)\Common Files\Oracle\Java\javapath;C:\Windows\system32;C:\Windows;C:\Windows\System32\Wbem;C:\Windows\System32\WindowsPowerShell\v1.0\;C:\Program Files\Java\jdk-10.0.2\bin;C:\Program Files\Java\jre-10.0.2\bin;C:\Program Files\nodejs;G:\Maven\apache-maven-3.6.0\bin;C:\Program Files\Git\cmd;C:\Program Files\TortoiseGit\bin;D:\wamp64\bin\mysql\mysql5.7.23\bin;C:\Users\Administrator\AppData\Roaming\npm;.]
[16:15:15:632] [INFO] - org.apache.juli.logging.DirectJDKLog.log(DirectJDKLog.java:173) - Initializing Spring embedded WebApplicationContext
[16:15:15:632] [INFO] - org.springframework.boot.web.servlet.context.ServletWebServerApplicationContext.prepareWebApplicationContext(ServletWebServerApplicationContext.java:296) - Root WebApplicationContext: initialization completed in 1116 ms
[16:15:15:755] [INFO] - com.zaxxer.hikari.HikariDataSource.getConnection(HikariDataSource.java:110) - HikariPool-1 - Starting...
[16:15:16:980] [INFO] - com.zaxxer.hikari.HikariDataSource.getConnection(HikariDataSource.java:123) - HikariPool-1 - Start completed.
[16:15:17:067] [INFO] - org.hibernate.Version.logVersion(Version.java:46) - HHH000412: Hibernate Core {5.3.7.Final}
[16:15:17:069] [INFO] - org.hibernate.cfg.Environment.<clinit>(Environment.java:213) - HHH000206: hibernate.properties not found
[16:15:17:153] [INFO] - org.hibernate.annotations.common.reflection.java.JavaReflectionManager.<clinit>(JavaReflectionManager.java:49) - HCANN000001: Hibernate Commons Annotations {5.0.4.Final}
[16:15:17:311] [INFO] - org.hibernate.dialect.Dialect.<init>(Dialect.java:157) - HHH000400: Using dialect: org.hibernate.dialect.MySQL5Dialect
[16:15:17:505] [INFO] - org.springframework.orm.jpa.AbstractEntityManagerFactoryBean.buildNativeEntityManagerFactory(AbstractEntityManagerFactoryBean.java:415) - Initialized JPA EntityManagerFactory for persistence unit 'default'
[16:15:17:880] [INFO] - org.springframework.scheduling.concurrent.ExecutorConfigurationSupport.initialize(ExecutorConfigurationSupport.java:171) - Initializing ExecutorService 'applicationTaskExecutor'
[16:15:18:067] [INFO] - org.apache.juli.logging.DirectJDKLog.log(DirectJDKLog.java:173) - Starting ProtocolHandler ["http-nio-8080"]
[16:15:18:074] [INFO] - org.apache.juli.logging.DirectJDKLog.log(DirectJDKLog.java:173) - Using a shared selector for servlet write/read
[16:15:18:092] [INFO] - org.springframework.boot.web.embedded.tomcat.TomcatWebServer.start(TomcatWebServer.java:204) - Tomcat started on port(s): 8080 (http) with context path ''
[16:15:18:094] [INFO] - org.springframework.boot.StartupInfoLogger.logStarted(StartupInfoLogger.java:59) - Started MybatisDemoApplication in 4.608 seconds (JVM running for 5.649)
[16:29:28:862] [INFO] - org.springframework.boot.StartupInfoLogger.logStarting(StartupInfoLogger.java:50) - Starting MybatisDemoApplication on PC-20181009FONY with PID 4520 (C:\Users\Administrator\IdeaProjects\Mybatis-demo\target\classes started by Administrator in C:\Users\Administrator\IdeaProjects\Mybatis-demo)
[16:29:28:878] [INFO] - org.springframework.boot.SpringApplication.logStartupProfileInfo(SpringApplication.java:675) - No active profile set, falling back to default profiles: default
[16:29:30:568] [INFO] - org.springframework.data.repository.config.RepositoryConfigurationDelegate.registerRepositoriesIn(RepositoryConfigurationDelegate.java:126) - Bootstrapping Spring Data repositories in DEFAULT mode.
[16:29:30:708] [INFO] - org.springframework.data.repository.config.RepositoryConfigurationDelegate.registerRepositoriesIn(RepositoryConfigurationDelegate.java:182) - Finished Spring Data repository scanning in 31ms. Found 0 repository interfaces.
[16:29:31:441] [INFO] - org.springframework.context.support.PostProcessorRegistrationDelegate$BeanPostProcessorChecker.postProcessAfterInitialization(PostProcessorRegistrationDelegate.java:330) - Bean 'org.springframework.transaction.annotation.ProxyTransactionManagementConfiguration' of type [org.springframework.transaction.annotation.ProxyTransactionManagementConfiguration$$EnhancerBySpringCGLIB$$e1197909] is not eligible for getting processed by all BeanPostProcessors (for example: not eligible for auto-proxying)
[16:29:32:022] [INFO] - org.springframework.boot.web.embedded.tomcat.TomcatWebServer.initialize(TomcatWebServer.java:90) - Tomcat initialized with port(s): 8080 (http)
[16:29:32:038] [INFO] - org.apache.juli.logging.DirectJDKLog.log(DirectJDKLog.java:173) - Initializing ProtocolHandler ["http-nio-8080"]
[16:29:32:054] [INFO] - org.apache.juli.logging.DirectJDKLog.log(DirectJDKLog.java:173) - Starting service [Tomcat]
[16:29:32:054] [INFO] - org.apache.juli.logging.DirectJDKLog.log(DirectJDKLog.java:173) - Starting Servlet Engine: Apache Tomcat/9.0.13
[16:29:32:085] [INFO] - org.apache.juli.logging.DirectJDKLog.log(DirectJDKLog.java:173) - The APR based Apache Tomcat Native library which allows optimal performance in production environments was not found on the java.library.path: [C:\Program Files\Java\jdk-10.0.2\bin;C:\Windows\Sun\Java\bin;C:\Windows\system32;C:\Windows;C:\Program Files (x86)\Common Files\Oracle\Java\javapath;C:\Windows\system32;C:\Windows;C:\Windows\System32\Wbem;C:\Windows\System32\WindowsPowerShell\v1.0\;C:\Program Files\Java\jdk-10.0.2\bin;C:\Program Files\Java\jre-10.0.2\bin;C:\Program Files\nodejs;G:\Maven\apache-maven-3.6.0\bin;C:\Program Files\Git\cmd;C:\Program Files\TortoiseGit\bin;D:\wamp64\bin\mysql\mysql5.7.23\bin;C:\Users\Administrator\AppData\Roaming\npm;.]
[16:29:32:256] [INFO] - org.apache.juli.logging.DirectJDKLog.log(DirectJDKLog.java:173) - Initializing Spring embedded WebApplicationContext
[16:29:32:256] [INFO] - org.springframework.boot.web.servlet.context.ServletWebServerApplicationContext.prepareWebApplicationContext(ServletWebServerApplicationContext.java:296) - Root WebApplicationContext: initialization completed in 3284 ms
[16:29:32:531] [INFO] - org.apache.juli.logging.DirectJDKLog.log(DirectJDKLog.java:173) - Stopping service [Tomcat]
[16:29:32:562] [INFO] - org.springframework.boot.autoconfigure.logging.ConditionEvaluationReportLoggingListener.logMessage(ConditionEvaluationReportLoggingListener.java:142) - 

Error starting ApplicationContext. To display the conditions report re-run your application with 'debug' enabled.
